mode: set
github.com/deanrtaylor1/gosearch/lexer/lexer.go:25.38,27.2 1 1
github.com/deanrtaylor1/gosearch/lexer/lexer.go:30.28,31.64 1 1
github.com/deanrtaylor1/gosearch/lexer/lexer.go:31.64,33.3 1 1
github.com/deanrtaylor1/gosearch/lexer/lexer.go:37.44,41.2 3 1
github.com/deanrtaylor1/gosearch/lexer/lexer.go:44.61,46.44 2 1
github.com/deanrtaylor1/gosearch/lexer/lexer.go:46.44,48.3 1 1
github.com/deanrtaylor1/gosearch/lexer/lexer.go:49.2,49.18 1 1
github.com/deanrtaylor1/gosearch/lexer/lexer.go:53.36,57.25 2 1
github.com/deanrtaylor1/gosearch/lexer/lexer.go:57.25,60.3 1 1
github.com/deanrtaylor1/gosearch/lexer/lexer.go:61.2,61.36 1 1
github.com/deanrtaylor1/gosearch/lexer/lexer.go:61.36,63.3 1 0
github.com/deanrtaylor1/gosearch/lexer/lexer.go:64.2,64.36 1 1
github.com/deanrtaylor1/gosearch/lexer/lexer.go:64.36,66.17 2 1
github.com/deanrtaylor1/gosearch/lexer/lexer.go:66.17,68.4 1 0
github.com/deanrtaylor1/gosearch/lexer/lexer.go:69.3,71.41 2 1
github.com/deanrtaylor1/gosearch/lexer/lexer.go:71.41,73.4 1 1
github.com/deanrtaylor1/gosearch/lexer/lexer.go:75.3,75.61 1 1
github.com/deanrtaylor1/gosearch/lexer/lexer.go:78.2,78.18 1 1
github.com/deanrtaylor1/gosearch/lexer/lexer.go:82.40,85.18 2 1
github.com/deanrtaylor1/gosearch/lexer/lexer.go:85.18,87.3 1 1
github.com/deanrtaylor1/gosearch/lexer/lexer.go:88.2,88.29 1 1
github.com/deanrtaylor1/gosearch/lexer/lexer.go:92.46,95.16 3 1
github.com/deanrtaylor1/gosearch/lexer/lexer.go:95.16,97.3 1 0
github.com/deanrtaylor1/gosearch/lexer/lexer.go:98.2,99.25 2 1
github.com/deanrtaylor1/gosearch/lexer/lexer.go:99.25,100.50 1 1
github.com/deanrtaylor1/gosearch/lexer/lexer.go:100.50,101.29 1 1
github.com/deanrtaylor1/gosearch/lexer/lexer.go:101.29,102.24 1 1
github.com/deanrtaylor1/gosearch/lexer/lexer.go:102.24,104.6 1 1
github.com/deanrtaylor1/gosearch/lexer/lexer.go:107.3,107.54 1 1
github.com/deanrtaylor1/gosearch/lexer/lexer.go:107.54,109.4 1 1
github.com/deanrtaylor1/gosearch/lexer/lexer.go:111.2,112.14 2 1
github.com/deanrtaylor1/gosearch/lexer/lexer.go:116.54,120.6 3 1
github.com/deanrtaylor1/gosearch/lexer/lexer.go:120.6,122.13 2 1
github.com/deanrtaylor1/gosearch/lexer/lexer.go:123.24,124.18 1 1
github.com/deanrtaylor1/gosearch/lexer/lexer.go:125.23,126.31 1 1
github.com/deanrtaylor1/gosearch/lexer/lexer.go:132.56,133.22 1 1
github.com/deanrtaylor1/gosearch/lexer/lexer.go:133.22,138.3 1 1
github.com/deanrtaylor1/gosearch/lexer/lexer.go:139.2,139.40 1 1
github.com/deanrtaylor1/gosearch/lexer/lexer.go:139.40,139.80 1 1
github.com/deanrtaylor1/gosearch/lexer/lexer.go:141.2,141.14 1 1
github.com/deanrtaylor1/gosearch/web-crawler/web-crawler.go:25.42,27.16 2 1
github.com/deanrtaylor1/gosearch/web-crawler/web-crawler.go:27.16,29.3 1 0
github.com/deanrtaylor1/gosearch/web-crawler/web-crawler.go:30.2,30.23 1 1
github.com/deanrtaylor1/gosearch/web-crawler/web-crawler.go:35.198,41.16 3 1
github.com/deanrtaylor1/gosearch/web-crawler/web-crawler.go:41.16,44.3 2 0
github.com/deanrtaylor1/gosearch/web-crawler/web-crawler.go:45.2,49.16 3 1
github.com/deanrtaylor1/gosearch/web-crawler/web-crawler.go:49.16,52.3 2 0
github.com/deanrtaylor1/gosearch/web-crawler/web-crawler.go:55.2,56.16 2 1
github.com/deanrtaylor1/gosearch/web-crawler/web-crawler.go:56.16,58.3 1 0
github.com/deanrtaylor1/gosearch/web-crawler/web-crawler.go:61.2,94.29 17 1
github.com/deanrtaylor1/gosearch/web-crawler/web-crawler.go:94.29,96.29 1 1
github.com/deanrtaylor1/gosearch/web-crawler/web-crawler.go:96.29,97.12 1 0
github.com/deanrtaylor1/gosearch/web-crawler/web-crawler.go:100.3,101.17 2 1
github.com/deanrtaylor1/gosearch/web-crawler/web-crawler.go:101.17,103.12 2 0
github.com/deanrtaylor1/gosearch/web-crawler/web-crawler.go:106.3,106.26 1 1
github.com/deanrtaylor1/gosearch/web-crawler/web-crawler.go:106.26,110.4 2 1
github.com/deanrtaylor1/gosearch/web-crawler/web-crawler.go:112.3,112.20 1 1
github.com/deanrtaylor1/gosearch/web-crawler/web-crawler.go:118.99,140.16 12 1
github.com/deanrtaylor1/gosearch/web-crawler/web-crawler.go:140.16,142.3 1 0
github.com/deanrtaylor1/gosearch/web-crawler/web-crawler.go:143.2,146.16 3 1
github.com/deanrtaylor1/gosearch/web-crawler/web-crawler.go:146.16,149.3 2 0
github.com/deanrtaylor1/gosearch/web-crawler/web-crawler.go:152.2,165.12 8 1
github.com/deanrtaylor1/gosearch/web-crawler/web-crawler.go:165.12,168.3 2 1
github.com/deanrtaylor1/gosearch/web-crawler/web-crawler.go:170.2,171.12 2 1
github.com/deanrtaylor1/gosearch/web-crawler/web-crawler.go:171.12,174.3 2 1
github.com/deanrtaylor1/gosearch/web-crawler/web-crawler.go:176.1,177.6 1 1
github.com/deanrtaylor1/gosearch/web-crawler/web-crawler.go:177.6,179.10 1 1
github.com/deanrtaylor1/gosearch/web-crawler/web-crawler.go:180.30,183.39 3 1
github.com/deanrtaylor1/gosearch/web-crawler/web-crawler.go:183.39,193.19 7 1
github.com/deanrtaylor1/gosearch/web-crawler/web-crawler.go:193.19,195.6 1 0
github.com/deanrtaylor1/gosearch/web-crawler/web-crawler.go:196.5,200.19 4 1
github.com/deanrtaylor1/gosearch/web-crawler/web-crawler.go:200.19,202.6 1 0
github.com/deanrtaylor1/gosearch/web-crawler/web-crawler.go:203.5,207.19 4 1
github.com/deanrtaylor1/gosearch/web-crawler/web-crawler.go:207.19,209.6 1 0
github.com/deanrtaylor1/gosearch/web-crawler/web-crawler.go:210.5,212.20 3 1
github.com/deanrtaylor1/gosearch/web-crawler/web-crawler.go:215.4,215.23 1 1
github.com/deanrtaylor1/gosearch/web-crawler/web-crawler.go:215.23,217.13 2 0
github.com/deanrtaylor1/gosearch/web-crawler/web-crawler.go:221.4,225.54 3 1
github.com/deanrtaylor1/gosearch/web-crawler/web-crawler.go:225.54,227.13 1 0
github.com/deanrtaylor1/gosearch/web-crawler/web-crawler.go:230.4,231.18 2 1
github.com/deanrtaylor1/gosearch/web-crawler/web-crawler.go:231.18,233.5 1 0
github.com/deanrtaylor1/gosearch/web-crawler/web-crawler.go:234.4,252.31 13 1
github.com/deanrtaylor1/gosearch/web-crawler/web-crawler.go:252.31,255.5 2 1
github.com/deanrtaylor1/gosearch/web-crawler/web-crawler.go:257.25,258.27 1 0
github.com/deanrtaylor1/gosearch/web-crawler/web-crawler.go:260.15,267.18 6 1
github.com/deanrtaylor1/gosearch/web-crawler/web-crawler.go:267.18,269.5 1 0
github.com/deanrtaylor1/gosearch/web-crawler/web-crawler.go:270.4,274.18 4 1
github.com/deanrtaylor1/gosearch/web-crawler/web-crawler.go:274.18,276.5 1 0
github.com/deanrtaylor1/gosearch/web-crawler/web-crawler.go:277.4,281.18 4 1
github.com/deanrtaylor1/gosearch/web-crawler/web-crawler.go:281.18,283.5 1 0
github.com/deanrtaylor1/gosearch/web-crawler/web-crawler.go:284.4,287.10 4 1
github.com/deanrtaylor1/gosearch/web-crawler/web-crawler.go:294.39,306.39 6 1
github.com/deanrtaylor1/gosearch/web-crawler/web-crawler.go:306.39,313.3 3 1
github.com/deanrtaylor1/gosearch/web-crawler/web-crawler.go:316.2,316.64 1 1
github.com/deanrtaylor1/gosearch/web-crawler/web-crawler.go:316.64,318.3 1 1
github.com/deanrtaylor1/gosearch/web-crawler/web-crawler.go:321.2,321.25 1 1
github.com/deanrtaylor1/gosearch/web-crawler/web-crawler.go:321.25,323.3 1 1
github.com/deanrtaylor1/gosearch/web-crawler/web-crawler.go:325.2,325.11 1 0
github.com/deanrtaylor1/gosearch/web-crawler/web-crawler.go:340.41,342.16 2 1
github.com/deanrtaylor1/gosearch/web-crawler/web-crawler.go:342.16,344.3 1 0
github.com/deanrtaylor1/gosearch/web-crawler/web-crawler.go:347.2,347.30 1 1
github.com/deanrtaylor1/gosearch/web-crawler/web-crawler.go:347.30,349.3 1 1
github.com/deanrtaylor1/gosearch/web-crawler/web-crawler.go:352.2,353.51 2 1
github.com/deanrtaylor1/gosearch/web-crawler/web-crawler.go:353.51,355.3 1 1
github.com/deanrtaylor1/gosearch/web-crawler/web-crawler.go:357.2,357.14 1 1
github.com/deanrtaylor1/gosearch/bm25/bm25.go:64.71,66.2 1 1
github.com/deanrtaylor1/gosearch/bm25/bm25.go:68.104,70.2 1 1
github.com/deanrtaylor1/gosearch/bm25/bm25.go:74.71,76.2 1 1
github.com/deanrtaylor1/gosearch/bm25/bm25.go:78.104,80.2 1 1
github.com/deanrtaylor1/gosearch/bm25/bm25.go:83.71,89.6 5 1
github.com/deanrtaylor1/gosearch/bm25/bm25.go:89.6,91.17 2 1
github.com/deanrtaylor1/gosearch/bm25/bm25.go:91.17,93.9 1 1
github.com/deanrtaylor1/gosearch/bm25/bm25.go:96.3,96.17 1 1
github.com/deanrtaylor1/gosearch/bm25/bm25.go:99.2,99.24 1 1
github.com/deanrtaylor1/gosearch/bm25/bm25.go:99.24,102.3 2 1
github.com/deanrtaylor1/gosearch/bm25/bm25.go:104.2,104.41 1 1
github.com/deanrtaylor1/gosearch/bm25/bm25.go:109.82,111.33 2 1
github.com/deanrtaylor1/gosearch/bm25/bm25.go:111.33,112.24 1 1
github.com/deanrtaylor1/gosearch/bm25/bm25.go:112.24,114.4 1 1
github.com/deanrtaylor1/gosearch/bm25/bm25.go:116.2,116.24 1 1
github.com/deanrtaylor1/gosearch/bm25/bm25.go:120.56,121.24 1 1
github.com/deanrtaylor1/gosearch/bm25/bm25.go:121.24,123.3 1 1
github.com/deanrtaylor1/gosearch/bm25/bm25.go:124.2,124.15 1 1
github.com/deanrtaylor1/gosearch/bm25/bm25.go:128.68,135.38 5 1
github.com/deanrtaylor1/gosearch/bm25/bm25.go:135.38,139.7 3 1
github.com/deanrtaylor1/gosearch/bm25/bm25.go:139.7,141.18 2 1
github.com/deanrtaylor1/gosearch/bm25/bm25.go:141.18,142.10 1 1
github.com/deanrtaylor1/gosearch/bm25/bm25.go:144.4,145.14 2 1
github.com/deanrtaylor1/gosearch/bm25/bm25.go:147.3,148.42 2 1
github.com/deanrtaylor1/gosearch/bm25/bm25.go:148.42,150.4 1 1
github.com/deanrtaylor1/gosearch/bm25/bm25.go:153.2,153.22 1 1
github.com/deanrtaylor1/gosearch/bm25/bm25.go:157.31,170.2 12 1
github.com/deanrtaylor1/gosearch/bm25/bm25.go:173.29,181.2 1 1
github.com/deanrtaylor1/gosearch/bm25/bm25.go:184.88,189.45 4 1
github.com/deanrtaylor1/gosearch/bm25/bm25.go:189.45,191.3 1 0
github.com/deanrtaylor1/gosearch/bm25/bm25.go:193.2,193.43 1 1
github.com/deanrtaylor1/gosearch/bm25/bm25.go:193.43,195.3 1 0
github.com/deanrtaylor1/gosearch/bm25/bm25.go:197.2,197.97 1 1
github.com/deanrtaylor1/gosearch/bm25/bm25.go:197.97,199.3 1 0
github.com/deanrtaylor1/gosearch/bm25/bm25.go:201.2,201.12 1 1
github.com/deanrtaylor1/gosearch/bm25/bm25.go:205.44,207.2 1 1
github.com/deanrtaylor1/gosearch/bm25/bm25.go:210.80,212.16 2 1
github.com/deanrtaylor1/gosearch/bm25/bm25.go:212.16,215.3 2 0
github.com/deanrtaylor1/gosearch/bm25/bm25.go:217.2,218.16 2 1
github.com/deanrtaylor1/gosearch/bm25/bm25.go:218.16,221.3 2 0
github.com/deanrtaylor1/gosearch/bm25/bm25.go:223.2,226.62 4 1
github.com/deanrtaylor1/gosearch/bm25/bm25.go:226.62,229.3 2 0
github.com/deanrtaylor1/gosearch/bm25/bm25.go:230.2,231.13 2 1
github.com/deanrtaylor1/gosearch/bm25/bm25.go:231.13,233.3 1 0
github.com/deanrtaylor1/gosearch/bm25/bm25.go:233.8,235.3 1 1
github.com/deanrtaylor1/gosearch/bm25/bm25.go:236.2,236.26 1 1
github.com/deanrtaylor1/gosearch/bm25/bm25.go:241.80,243.16 2 1
github.com/deanrtaylor1/gosearch/bm25/bm25.go:243.16,246.3 2 0
github.com/deanrtaylor1/gosearch/bm25/bm25.go:248.2,249.16 2 1
github.com/deanrtaylor1/gosearch/bm25/bm25.go:249.16,252.3 2 0
github.com/deanrtaylor1/gosearch/bm25/bm25.go:254.2,257.61 4 1
github.com/deanrtaylor1/gosearch/bm25/bm25.go:257.61,260.3 2 0
github.com/deanrtaylor1/gosearch/bm25/bm25.go:261.2,265.47 4 1
github.com/deanrtaylor1/gosearch/bm25/bm25.go:265.47,271.3 5 1
github.com/deanrtaylor1/gosearch/bm25/bm25.go:275.57,278.16 2 1
github.com/deanrtaylor1/gosearch/bm25/bm25.go:278.16,280.3 1 0
github.com/deanrtaylor1/gosearch/bm25/bm25.go:281.2,284.16 3 1
github.com/deanrtaylor1/gosearch/bm25/bm25.go:284.16,286.3 1 0
github.com/deanrtaylor1/gosearch/bm25/bm25.go:288.2,288.31 1 1
github.com/deanrtaylor1/gosearch/bm25/bm25.go:288.31,290.34 2 1
github.com/deanrtaylor1/gosearch/bm25/bm25.go:290.34,293.4 2 1
github.com/deanrtaylor1/gosearch/bm25/bm25.go:294.3,294.42 1 1
github.com/deanrtaylor1/gosearch/bm25/bm25.go:294.42,297.4 2 0
github.com/deanrtaylor1/gosearch/bm25/bm25.go:298.3,298.59 1 1
github.com/deanrtaylor1/gosearch/bm25/bm25.go:298.59,299.9 1 0
github.com/deanrtaylor1/gosearch/bm25/bm25.go:303.2,303.31 1 1
github.com/deanrtaylor1/gosearch/bm25/bm25.go:303.31,304.109 1 1
github.com/deanrtaylor1/gosearch/bm25/bm25.go:304.109,306.12 2 1
github.com/deanrtaylor1/gosearch/bm25/bm25.go:309.2,309.145 1 1
github.com/deanrtaylor1/gosearch/bm25/bm25.go:314.44,317.26 2 1
github.com/deanrtaylor1/gosearch/bm25/bm25.go:317.26,320.3 1 1
github.com/deanrtaylor1/gosearch/bm25/bm25.go:322.2,326.17 2 1
github.com/deanrtaylor1/gosearch/bm25/bm25.go:330.65,336.23 1 1
github.com/deanrtaylor1/gosearch/bm25/bm25.go:336.23,341.3 3 1
github.com/deanrtaylor1/gosearch/bm25/bm25.go:342.2,342.10 1 1
github.com/deanrtaylor1/gosearch/bm25/bm25.go:346.54,362.2 3 1
